KT3D ESTIMATES WITH:  Normal Score Transform:Clustered 140 primary and secondary
    2   50   50    1
Estimate
EstimationVariance
 4.4252911     0.50805366    
 3.7211728     0.34219038    
 2.5728266     0.24038504    
 1.8756664     0.25936839    
 1.0095242     0.25929546    
0.77032006     0.23823634    
0.64240730     0.32734504    
0.19228302     0.45923024    
0.25197211     0.56456941    
0.36985859     0.62783951    
-.34301382E-01 0.64797133    
0.36259551E-01 0.63653231    
0.14537357     0.60534739    
0.12298971     0.57298440    
0.11298694     0.55188358    
0.10299055     0.53667521    
0.14284490     0.53005707    
0.10522255     0.49544007    
0.87820388E-01 0.42370671    
0.13870648     0.31415117    
0.18395355     0.24180073    
0.29361090     0.30431429    
0.43448550     0.38991052    
0.57254636     0.42179763    
0.70704776     0.39060807    
0.75846434     0.30556172    
0.77055722     0.24303196    
0.82486308     0.33040547    
0.79187351     0.48392415    
0.76406074     0.62791884    
0.79489654     0.74933678    
0.71825701     0.83476084    
0.63808846     0.89078510    
0.59376240     0.92392349    
0.56227601     0.93380839    
0.90551275     0.91020322    
0.65201378     0.87114584    
0.61613458     0.85304785    
0.63575655     0.84510511    
0.70439219     0.85067958    
0.67891860     0.83681786    
0.56715560     0.81466746    
0.56782418     0.76425028    
0.56466979     0.68430799    
0.54658914     0.57102108    
0.46613339     0.42272860    
0.40897194     0.23929620    
0.31000000      0.0000000    
0.40005431     0.24644750    
0.47124749     0.44869012    
 5.0779672     0.43884444    
 4.3173623     0.24284963    
 3.3299999      0.0000000    
 2.4089203     0.17711304    
 1.3067718     0.17713863    
0.59999999E-01  0.0000000    
0.28875567E-01 0.23343796    
-.39329743E-02 0.39447361    
-.17121200E-01 0.50250304    
0.42949207E-01 0.55720741    
-.88203207E-01 0.55937022    
-.18164098E-01 0.52105916    
0.14235139     0.45883971    
0.13360204     0.41026431    
0.11811055     0.39081094    
0.10384271     0.38695672    
0.98585725E-01 0.40106958    
0.70153303E-01 0.39743030    
0.58330886E-01 0.34282354    
0.69877110E-01 0.21870141    
0.90000004E-01  0.0000000    
0.26323691     0.21468237    
0.45229736     0.32884556    
0.64041108     0.36415181    
0.79805857     0.32415327    
0.88867193     0.21107434    
0.88999999      0.0000000    
0.99251288     0.23867911    
0.97625005     0.42655650    
0.93651277     0.58047581    
0.85113555     0.69810450    
0.73057729     0.77702343    
0.68401438     0.82686335    
0.60498899     0.84882092    
0.53633744     0.84762752    
0.80316108     0.81918347    
0.55523986     0.77578813    
0.64481264     0.76857227    
0.59965885     0.75038332    
0.57441694     0.74481905    
0.57426578     0.74398756    
0.50018895     0.73858744    
0.54079098     0.70440632    
0.57726121     0.64010924    
0.59526038     0.54498452    
0.53608000     0.42369848    
0.51002109     0.29432198    
0.48772928     0.22546083    
0.51566231     0.31788549    
0.55789018     0.47960433    
 6.0081348     0.43710428    
 5.2770433     0.29712570    
 4.6008883     0.21771717    
 3.6103625     0.24492753    
 2.1246512     0.24579649    
0.65828395     0.22030839    
0.28208992     0.29291868    
0.61601035E-01 0.39797872    
-.10025897     0.47490069    
-.15395299     0.50705284    
-.78071490E-01 0.48833969    
-.34568187E-01 0.41970000    
0.16356340     0.31268999    
0.15399228     0.22880599    
0.12852415     0.22685139    
0.10549805     0.22054000    
0.70499495E-01 0.27788547    
0.60114462E-01 0.32968444    
0.58013357E-01 0.31916440    
0.48829336E-01 0.25300875    
0.11592232     0.19714166    
0.27387887     0.24628964    
0.49835765     0.31306738    
0.73416108     0.33102855    
0.96303236     0.29117393    
 1.1085194     0.21952944    
 1.2042725     0.18622543    
 1.2290072     0.28073382    
 1.1882919     0.42725042    
 1.1240834     0.55919987    
0.99708122     0.65613616    
0.87232548     0.71928251    
0.76732624     0.75334704    
0.65366822     0.76162392    
0.54647553     0.74858344    
0.70268506     0.71214294    
0.66508907     0.67000973    
0.49016389     0.63312572    
0.45120123     0.61001521    
0.45116925     0.61442679    
0.48752964     0.63363004    
0.46694434     0.65121138    
0.55737942     0.63812810    
0.64565867     0.59396148    
0.64959884     0.52284133    
0.68573427     0.44259930    
0.69104856     0.37716639    
0.68339431     0.36449081    
0.68084598     0.43017262    
0.68316257     0.54960555    
 7.1815352     0.45554394    
 6.9923382     0.37737095    
 6.2329483     0.34438056    
 5.0789223     0.35230049    
 2.7109463     0.35400105    
 1.2431275     0.35520646    
0.53836000     0.38331968    
0.32730779     0.42830572    
-.37102878E-01 0.46022615    
-.21914850     0.46747687    
-.22572766     0.43555641    
-.13423715E-01 0.35795885    
0.18009323     0.22274767    
0.19000000      0.0000000    
0.15067199     0.13550682    
0.10000000      0.0000000    
0.77238813E-01 0.20411877    
0.78784019E-01 0.29433748    
0.43210920E-01 0.31355289    
0.62118497E-01 0.29094410    
0.13106416     0.26284277    
0.28923213     0.26567549    
0.54910213     0.29443198    
0.85237896     0.29734531    
 1.1742712     0.24435152    
 1.4335679     0.18276009    
 1.4980857     0.22655533    
 1.4604465     0.33131284    
 1.3843066     0.44523150    
 1.2997613     0.54548222    
 1.1407127     0.61427414    
0.98082620     0.65325785    
0.85603029     0.66594297    
0.72231477     0.66048300    
0.58731478     0.63979232    
0.61298358     0.59749287    
0.51486683     0.53906631    
0.34824866     0.47536200    
0.31347328     0.44101641    
0.33901054     0.46346158    
0.34365037     0.51728028    
0.46373683     0.55529958    
0.61263394     0.56181812    
0.76396698     0.53348863    
0.82133627     0.47976193    
0.89627564     0.42963216    
0.92170584     0.40987894    
0.91051072     0.43647090    
0.88067591     0.50977421    
0.84327632     0.61516899    
 8.6338196     0.44007820    
 8.0159187     0.40249264    
 7.8601141     0.40085721    
 6.6101122     0.42059356    
 3.6464398     0.42348403    
 2.6630862     0.42478883    
 1.5434701     0.42727631    
0.69600248     0.42896995    
0.10261499     0.42645702    
-.19349487     0.41764921    
-.20650005E-01 0.38742128    
0.16664425     0.33949691    
0.20185800     0.26420093    
0.20995061     0.20550618    
0.19121659     0.21200536    
0.17265649     0.20265949    
0.17313150     0.24357557    
0.88144459E-01 0.27735671    
0.89449227E-01 0.28238499    
0.10286389     0.27254978    
0.14102897     0.23352741    
0.27223006     0.19622056    
0.57522279     0.24099499    
0.97158110     0.26640442    
 1.3466650     0.19854216    
 1.8099999      0.0000000    
 1.6959246     0.21662095    
 1.6171550     0.35689855    
 1.5444208     0.46045631    
 1.3881269     0.52662063    
 1.2650771     0.56451553    
 1.0824758     0.57401305    
0.93983155     0.56113404    
0.78800797     0.54254001    
0.63721752     0.52336788    
0.49259859     0.48835212    
0.41203916     0.42287120    
0.28161272     0.31598783    
0.18980928     0.24389575    
0.23631856     0.30562514    
0.30694559     0.39758044    
0.48423004     0.45752200    
0.70205551     0.47753510    
0.87634069     0.45336288    
 1.0657446     0.39965901    
 1.1845174     0.36003017    
 1.2181376     0.37889591    
 1.1861485     0.45035043    
 1.1171278     0.54985261    
 1.0313891     0.66124499    
 10.141260     0.36522931    
 9.9823837     0.35995227    
 10.153485     0.39479765    
 8.0061760     0.42885596    
 4.5260816     0.43748644    
 3.3433762     0.43618411    
 1.9785801     0.41459131    
 1.0431983     0.37921485    
0.54410619     0.34602609    
0.15340455     0.33186448    
0.17104530     0.32094342    
0.19741766     0.31936121    
0.22616558     0.31984895    
0.26543024     0.31931630    
0.26580846     0.32218212    
0.26084712     0.31361651    
0.22797900     0.29350203    
0.21974105     0.24277146    
0.15052547     0.19606765    
0.19150850     0.21546870    
0.19382659     0.18149859    
0.19000000      0.0000000    
0.60642081     0.20036627    
0.97030920     0.27494627    
 1.3471494     0.25552630    
 1.6320285     0.21986781    
 1.7004710     0.29187378    
 1.6660411     0.39283133    
 1.5784552     0.46077973    
 1.4752042     0.49734634    
 1.3658011     0.50264829    
 1.1760311     0.48016474    
 1.0168492     0.43581662    
0.84804058     0.40285000    
0.66819298     0.40195674    
0.53461909     0.39973766    
0.35208941     0.34393436    
0.20164250     0.21916515    
0.79999998E-01  0.0000000    
0.15590473     0.19757611    
0.28170651     0.29630014    
0.52069527     0.36240360    
0.81693107     0.39417982    
 1.1005619     0.36927497    
 1.3566133     0.28850859    
 1.5204728     0.22381115    
 1.5413502     0.29605243    
 1.4784523     0.42930153    
 1.3767303     0.56404221    
 1.2516973     0.68997627    
 12.802970     0.25059751    
 13.220939     0.29178354    
 12.399962     0.36776009    
 11.875441     0.46202531    
 7.9492693     0.44690365    
 4.8250389     0.40561473    
 2.7899930     0.36519152    
 1.2385550     0.28342193    
0.54307318     0.21376450    
0.15827753     0.21329857    
0.95848203E-01 0.20513642    
0.25251076     0.26335669    
0.26029637     0.33819705    
0.32393643     0.38407618    
0.35907701     0.40050134    
0.38775641     0.38434663    
0.40354043     0.32838678    
0.40934810     0.21352440    
0.34000000      0.0000000    
0.33284947     0.18428314    
0.36253643     0.22094700    
0.47232103     0.20664355    
0.71695471     0.26640093    
 1.0021414     0.32955259    
 1.2872623     0.34758085    
 1.5002078     0.35330889    
 1.6070590     0.38622057    
 1.6225231     0.43236792    
 1.6105361     0.45898685    
 1.5278900     0.45084497    
 1.4025905     0.42930511    
 1.2613778     0.37991193    
 1.0872511     0.29698375    
0.91809976     0.23339042    
0.75237852     0.27982923    
0.56340295     0.33224300    
0.35908693     0.32341063    
0.21722555     0.25675637    
0.12715448     0.18877164    
0.13240694     0.18584907    
0.25692040     0.19414441    
0.57472861     0.26692140    
0.97115040     0.32658181    
 1.3335892     0.31117845    
 1.6376824     0.21013053    
 1.8900000      0.0000000    
 1.8249155     0.23647518    
 1.7268254     0.41840813    
 1.5977298     0.57399660    
 1.4471725     0.70876962    
 12.740000      0.0000000    
 14.423868     0.15069005    
 12.206235     0.20403920    
 10.908960     0.30060086    
 7.2476258     0.34434560    
 5.7212873     0.37501457    
 3.4419229     0.33499902    
 1.7689778     0.21727864    
0.28000000      0.0000000    
0.21320960     0.13539475    
0.25999999      0.0000000    
0.30568981     0.21774314    
0.36245048     0.34633288    
0.42888960     0.41951734    
0.54256076     0.44422394    
0.60243964     0.43281773    
0.60798109     0.38238734    
0.66741520     0.29086277    
0.64089680     0.22142445    
0.61230057     0.25980705    
0.60249376     0.30098793    
0.70576721     0.31755951    
0.85546708     0.34788081    
 1.0451734     0.38761336    
 1.2353990     0.41347933    
 1.3754370     0.42968974    
 1.4777652     0.44161636    
 1.5271170     0.44363394    
 1.5643584     0.42549196    
 1.5218209     0.38020864    
 1.4763361     0.33690053    
 1.3550787     0.29358700    
 1.1717685     0.20276363    
0.92000002      0.0000000    
0.80471265     0.20273393    
0.63262391     0.29655787    
0.49588218     0.32765821    
0.31344321     0.31198660    
0.23621686     0.26989225    
0.20705409     0.19022623    
0.19000000      0.0000000    
0.71147865     0.20248255    
 1.1864223     0.28847474    
 1.5766734     0.29409319    
 1.8625070     0.24484427    
 2.0173094     0.20972335    
 2.0089960     0.30131096    
 1.9074037     0.44908875    
 1.7628218     0.59356195    
 1.5942205     0.72401440    
 6.4899998      0.0000000    
 20.350000      0.0000000    
 8.8999996      0.0000000    
 9.0728521     0.16671187    
 8.3783836     0.31923464    
 4.8737416     0.32543060    
 2.8580544     0.32241991    
 1.4007478     0.25983697    
0.75903273     0.20358358    
0.31259590     0.20874532    
0.23274486     0.20770760    
0.44386908     0.27963579    
0.50481075     0.37110972    
0.61033863     0.43411040    
0.69875294     0.46539232    
0.82859421     0.46434721    
0.90581757     0.43822825    
0.95494497     0.39296210    
0.82872450     0.35831940    
0.83947486     0.35430402    
0.88562822     0.36291099    
0.87299055     0.36831725    
0.92165744     0.37813181    
 1.0768054     0.40743321    
 1.1787995     0.43812820    
 1.2513394     0.45304880    
 1.3212806     0.44816527    
 1.3683813     0.41943413    
 1.4134668     0.36018488    
 1.5136238     0.27972117    
 1.5640786     0.21126856    
 1.4602900     0.22685608    
 1.2498565     0.22100693    
 1.0731511     0.18938021    
0.86913186     0.22369437    
0.73740464     0.27151874    
0.62686986     0.31463900    
0.46976709     0.33721727    
0.43020844     0.32478005    
0.50521863     0.26874009    
0.63205886     0.21037777    
 1.0033715     0.24135673    
 1.4481736     0.27367195    
 1.8465768     0.27598682    
 2.0730522     0.28028074    
 2.1563680     0.30940145    
 2.1268153     0.38320693    
 2.0192444     0.49275565    
 1.8652310     0.61399496    
 1.5851229     0.73181057    
 15.770000      0.0000000    
 7.5599999      0.0000000    
 6.2600002      0.0000000    
 7.9200001      0.0000000    
 7.2486930     0.25189176    
 3.9678810     0.30493400    
 2.9569046     0.32834876    
 1.7319702     0.31326237    
0.93824655     0.30276358    
0.53648061     0.30905816    
0.25553048     0.31814992    
0.57565302     0.34873080    
0.72147059     0.38870841    
0.82513434     0.41497096    
-1.2889206     0.44344658    
-1.2382702     0.45836049    
-1.1442283     0.46150035    
0.57158786     0.44118324    
0.52228892     0.42590824    
0.50584066     0.41302305    
0.47953841     0.38855749    
0.58147919     0.35555786    
0.88394469     0.34106073    
0.82291847     0.37106568    
 1.1265934     0.41504446    
 1.1134747     0.43535227    
 1.1215752     0.41672665    
 1.1268101     0.36278957    
 1.1639636     0.28810772    
 1.3684946     0.19426757    
 1.7000000      0.0000000    
 1.4459147     0.19504911    
 1.3197012     0.26289648    
 1.1608832     0.26011544    
 1.0222641     0.22341624    
0.85427916     0.19607520    
0.77285910     0.26381615    
0.65685582     0.34033048    
0.66576332     0.37279731    
0.80011481     0.36180153    
0.97064853     0.32739571    
 1.3189175     0.29397780    
 1.7541139     0.24114075    
 2.1286035     0.19819935    
 2.2686746     0.25153846    
 2.2575314     0.33377588    
 2.1857998     0.41644678    
 2.0634794     0.51062328    
 1.8297932     0.61690104    
 1.6189427     0.72735780    
 10.599157     0.20832907    
 6.6412239     0.15066375    
 2.5500000      0.0000000    
 5.1119275     0.15759760    
 4.7804322     0.24500805    
 3.8507271     0.30396640    
 2.6185701     0.31251833    
 1.5324094     0.30270571    
0.98094392     0.31972548    
0.60683370     0.34930158    
0.30108833     0.36210811    
-.38922393     0.36264911    
-.32116839     0.35291445    
-.21216755     0.36046943    
-.10809077     0.37166700    
-.76814634     0.40735811    
-.17833085     0.43101397    
-.95105529     0.43155617    
-.89073974     0.43176958    
-.62168747     0.41499656    
-.37601423     0.36455342    
0.17489092     0.27871865    
 1.0664637     0.22007486    
0.92499197     0.28226465    
0.78035146     0.36554751    
0.93763602     0.40006262    
0.87137532     0.36723986    
0.77638662     0.27796552    
0.78524524     0.19424579    
 1.0031189     0.18608013    
 1.2349325     0.19175299    
 1.2518622     0.25783756    
 1.2723826     0.30801052    
 1.1749792     0.29057243    
 1.0708107     0.19984975    
0.95999998      0.0000000    
0.90598476     0.22057255    
0.82847148     0.35299253    
0.86632854     0.42146850    
 1.0232733     0.43412054    
 1.1937556     0.40520874    
 1.5193714     0.33703119    
 1.9280124     0.21442111    
 2.4700000      0.0000000    
 2.3296549     0.20618311    
 2.2407799     0.31903231    
 2.1431050     0.40037039    
 1.9930872     0.48724392    
 1.8051481     0.59106117    
 1.6678367     0.70047724    
 8.5663986     0.28760967    
 6.1311131     0.21671847    
 5.2521601     0.17517199    
 4.7113328     0.22701520    
 4.1941099     0.27711695    
 3.2466619     0.29787028    
 2.1569676     0.25375658    
 1.2165209     0.20808280    
0.74250615     0.26402652    
0.50992334     0.33501199    
-.89323354     0.35918817    
-.12365347     0.33775559    
0.82107849E-01 0.27130115    
0.38811752     0.22124720    
0.63674605     0.27693772    
0.73652679     0.35544774    
0.36968759     0.34674889    
0.24600683     0.41026971    
0.38559651     0.39454812    
0.31113771     0.38981864    
0.48487231     0.33651331    
 1.4838734     0.21686344    
 1.3400000      0.0000000    
 1.0633975     0.21698290    
0.76776546     0.33300313    
0.56431907     0.36691904    
0.63447744     0.32195446    
0.46375969     0.20851278    
0.28000000      0.0000000    
0.62754321     0.19114208    
0.87615496     0.27816150    
 1.0035447     0.33045846    
 1.1517007     0.34884083    
 1.1294132     0.31682676    
 1.0734962     0.24644800    
0.98642975     0.20235786    
0.93128687     0.27983773    
0.91602194     0.38991502    
 1.0233811     0.46873462    
 1.1304674     0.49331605    
 1.2838476     0.47200474    
 1.4718144     0.39383423    
 1.7991751     0.28883377    
 2.0649679     0.20900027    
 2.1182272     0.24049850    
 2.0897737     0.29131225    
 2.0287731     0.33735460    
 1.8988218     0.41871369    
 1.7432914     0.53606987    
 1.5470210     0.66314596    
 8.6402683     0.31017461    
 7.6724563     0.22216064    
 6.4535060     0.17550197    
 5.9834609     0.22701520    
 4.1005287     0.27238199    
 2.9315193     0.27899352    
 1.8274353     0.20124802    
0.70999998      0.0000000    
0.50077176     0.20994411    
0.38187632     0.31285226    
-.29216713     0.33899251    
0.31344110     0.30474553    
0.86759222     0.20467108    
 1.2700000      0.0000000    
 2.2197564     0.18689939    
 2.2472928     0.23000963    
 1.4338413     0.22507541    
0.81510371     0.27576178    
0.61702627     0.33850464    
0.68195045     0.36468226    
0.66561079     0.33798948    
0.85418558     0.27285543    
 1.2688570     0.21765998    
0.95961410     0.27452251    
0.82007772     0.34093481    
0.50827312     0.34654072    
0.42019692     0.29646158    
0.29759634     0.22019412    
0.26441789     0.18456958    
0.42192319     0.25316435    
0.62807149     0.33076429    
0.79029435     0.36894995    
 1.0292652     0.36202142    
 1.0650071     0.31677231    
 1.0434233     0.27155194    
0.96368378     0.27786022    
0.83684146     0.34665433    
0.93796033     0.43235576    
 1.0272510     0.50429374    
 1.0588720     0.53505629    
 1.1928451     0.51897234    
 1.3046790     0.45781147    
 1.5104641     0.37949967    
 1.6605561     0.31114554    
 1.7326251     0.27031848    
 1.7900447     0.23483504    
 1.8469896     0.21555291    
 1.7736428     0.31450319    
 1.6211678     0.47524050    
 1.4121895     0.62528616    
 7.9951463     0.27314401    
 7.2479615     0.15636119    
 8.7100000      0.0000000    
 6.1694441     0.15636119    
 3.8344982     0.23533094    
 2.5712781     0.28237215    
 1.5481162     0.25915164    
0.66112500     0.20862508    
0.60261011     0.25902644    
0.84671497     0.31251556    
0.88685519     0.30929789    
0.92114210     0.27256408    
 2.1266510     0.22497743    
 3.3424597     0.18851043    
 4.7142539     0.21082029    
 5.0835238     0.17726286    
 2.9900000      0.0000000    
 1.8833908     0.15843952    
 1.3355024     0.24660783    
 1.2397233     0.31542420    
0.86422062     0.34678254    
0.80066508     0.34683147    
 1.4605322     0.34161854    
 1.0660450     0.35946760    
0.47773629     0.36936948    
0.50646454     0.33440831    
0.23129997     0.25378004    
0.20007110     0.18368731    
0.20290247     0.22079411    
0.30448121     0.29840711    
0.46509165     0.35735229    
0.64587289     0.37848228    
0.90154588     0.34344804    
0.98678178     0.26399076    
 1.0094689     0.20053822    
0.93313783     0.25819764    
0.93655580     0.36003315    
0.97414476     0.45300668    
0.95881158     0.51987249    
0.95709354     0.55158216    
 1.0534037     0.54034269    
 1.1521391     0.50118923    
 1.1751664     0.43193021    
 1.2492918     0.34669033    
 1.2553031     0.24897663    
 1.3334779     0.15400171    
 1.6600000      0.0000000    
 1.5258290     0.24464574    
 1.4095986     0.44433275    
 1.2870971     0.61588132    
 6.4271331     0.23828988    
 5.5400000      0.0000000    
 10.270000      0.0000000    
 3.6099999      0.0000000    
 2.7882516     0.20358384    
 2.0224161     0.29536027    
 1.3314316     0.31766883    
0.72916603     0.31568128    
0.57198757     0.32187837    
0.43859974     0.30890897    
0.26887092     0.25334117    
 1.2637082     0.19538543    
 3.0826764     0.22260791    
 5.2833686     0.25759625    
 7.7354860     0.25622866    
 9.8288260     0.19607888    
 9.3550377     0.12097120    
 2.9600000      0.0000000    
 2.8190382     0.15634769    
 1.8293216     0.25649777    
 1.1770356     0.34144849    
0.84406072     0.38644636    
 1.4557706     0.40042159    
 1.0198207     0.40419972    
0.65634370     0.38948858    
0.42565307     0.32993269    
0.15806690     0.21314612    
0.90000004E-01  0.0000000    
0.12897603     0.20379035    
0.22210734     0.30693358    
0.37276244     0.35689214    
0.51463705     0.35771316    
0.76716650     0.31358871    
0.88354743     0.20820861    
0.99000001      0.0000000    
0.86858165     0.22024198    
0.71562827     0.36053076    
0.91150200     0.45222118    
0.87952572     0.50731975    
0.82087040     0.53095895    
0.85275835     0.53264058    
0.89400876     0.50937331    
0.91940421     0.45520881    
0.86716485     0.36073914    
0.80600780     0.22093324    
0.62000000      0.0000000    
 1.0476952     0.16569912    
 1.1778666     0.30497211    
 1.1598732     0.47427118    
 1.1214219     0.62792134    
 5.1771870     0.31191564    
 4.3994546     0.16749105    
 2.7400000      0.0000000    
 2.8084776     0.15724444    
 2.0912817     0.25157335    
 1.5433540     0.32255346    
0.95379168     0.34917980    
0.66552436     0.35114205    
0.58372533     0.34243914    
-.96061274E-01 0.30344167    
0.69758248     0.20510326    
 1.1100000      0.0000000    
 3.8408873     0.20281270    
 6.5919819     0.28952262    
 9.7492838     0.28807676    
 13.500103     0.19945244    
 19.440001      0.0000000    
 9.0799999      0.0000000    
 4.9200001      0.0000000    
 2.4860854     0.21371147    
 1.4104308     0.33262667    
0.87072653     0.39013150    
 1.3348339     0.40520179    
0.85110074     0.39979708    
0.34883752     0.38332063    
0.24960989     0.34338671    
0.75593486E-01 0.27234527    
0.72916277E-01 0.21466544    
0.83271675E-01 0.26219732    
0.20078531     0.31809351    
0.29215512     0.32460606    
0.40541500     0.30761051    
0.56146997     0.28705174    
0.69272864     0.24476019    
0.76780671     0.21064390    
0.72199577     0.28116271    
0.61221850     0.37608758    
0.73781472     0.43755895    
0.72673357     0.46393529    
0.63592321     0.47558731    
0.63597488     0.48558465    
0.64340550     0.48576960    
0.66136473     0.45940346    
0.64477056     0.39283448    
0.59837466     0.29415268    
0.61500746     0.22963661    
0.80643505     0.29377633    
0.99183393     0.41083008    
 1.0877173     0.54539436    
 1.1238949     0.67899913    
 4.3957109     0.44441575    
 2.8088102     0.30642590    
 2.1083276     0.23308282    
 1.8399812     0.26830778    
 1.4915391     0.31990394    
 1.2323415     0.34109771    
0.84634715     0.33184865    
0.65689272     0.31851199    
0.59340245     0.31653607    
0.30483621     0.29847440    
 1.0374775     0.24663293    
 2.0415285     0.20628868    
 3.9508381     0.26799607    
 7.0060277     0.34108984    
 9.5755558     0.34378240    
 11.797873     0.26687828    
 11.398364     0.16353273    
 2.9700000      0.0000000    
 3.1559422     0.15467367    
 2.1780128     0.25352737    
 1.2891593     0.34398746    
0.50422740     0.36889869    
 1.1734800     0.35976166    
0.68075877     0.34163803    
0.26944441     0.34652051    
0.17984962     0.35810962    
0.60915999E-01 0.35096467    
0.11879849     0.33616424    
0.14012048     0.33925608    
0.18369065     0.32389602    
0.23524582     0.26251784    
0.32021153     0.20508207    
0.43828100     0.24476868    
0.55402416     0.29334107    
0.62558669     0.32267189    
0.62211585     0.36298558    
0.57078391     0.40311962    
0.54597831     0.40947375    
0.51020753     0.38965973    
0.42477077     0.37787288    
0.42475179     0.40615243    
0.43787760     0.44412300    
0.45603389     0.45781466    
0.47176519     0.43717360    
0.47935036     0.39826205    
0.57316673     0.38273799    
0.70529175     0.42620143    
0.85390180     0.51119810    
0.96502131     0.61800468    
 1.0293016     0.72902846    
 2.3463202     0.52287412    
 1.9565564     0.42906764    
 1.5773884     0.37693503    
 1.3469397     0.36935288    
 1.4294044     0.36905676    
 1.3290381     0.34014589    
0.92625540     0.26852280    
0.74416465     0.21015199    
0.51916832     0.24053381    
0.62723613     0.26648468    
 1.0387644     0.28090301    
 2.0378010     0.30047545    
 3.4642122     0.33930328    
 5.9033823     0.37146717    
 7.3616233     0.36660910    
 8.1046896     0.32248241    
 7.3270826     0.25699350    
 4.1320181     0.20344861    
 2.7852042     0.23862356    
 1.9245001     0.29295897    
 1.2187964     0.33339724    
0.42349622     0.32962093    
0.95811194     0.27263764    
0.45481932     0.21773574    
0.13522643     0.27371144    
0.11213919     0.35035667    
0.89950792E-01 0.39204872    
0.17561767     0.40265912    
0.20932974     0.38867936    
0.23830646     0.33289680    
0.24904530     0.21477094    
0.22000000      0.0000000    
0.38332394     0.21208435    
0.48453471     0.32810700    
0.52767545     0.38685629    
0.51078939     0.41484043    
0.41713339     0.41557860    
0.33849734     0.37070522    
0.30969268     0.28708050    
0.18224783     0.22912624    
0.23194101     0.29494616    
0.26672319     0.38871792    
0.31558844     0.44613406    
0.30223277     0.46417487    
0.45211399     0.46492028    
0.54610109     0.47514585    
0.66366446     0.51574904    
0.78307998     0.58705842    
0.88145304     0.67718613    
0.95412368     0.77534920    
 1.6992376     0.59846079    
 1.6218926     0.52613670    
 1.3488357     0.47041079    
 1.1750678     0.43550259    
 1.3455451     0.39822558    
 1.2572154     0.33223599    
 1.0650458     0.21317908    
 1.0100000      0.0000000    
0.66956216     0.16055706    
0.40898713     0.18660638    
0.56383890     0.24887908    
 1.6207610     0.32155594    
 2.3644173     0.36528572    
 4.5833902     0.38285351    
 5.1790948     0.37604785    
 5.5062551     0.35581076    
 5.3414741     0.32571012    
 3.7787282     0.29301256    
 2.4109187     0.28071994    
 1.9924439     0.28558275    
 1.2569191     0.30452448    
0.53102905     0.29343390    
0.74066544     0.20537899    
0.16000000      0.0000000    
-.49842317E-01 0.21847875    
-.95425159E-01 0.34664419    
-.17132641     0.41528633    
-.68250678E-01 0.43565008    
-.39477885E-01 0.41308725    
0.49860500E-01 0.35643971    
0.44345430     0.26885855    
0.42543694     0.21317513    
0.47010705     0.28074428    
0.50997531     0.37474626    
0.49324018     0.42975798    
0.44802862     0.44305745    
0.35040727     0.41712391    
0.24397011     0.33951107    
0.10940753     0.21246561    
0.59999999E-01  0.0000000    
0.58902688E-01 0.21443407    
0.10492732     0.34317520    
0.16110173     0.42337784    
0.24374571     0.46414930    
0.43923208     0.48359543    
0.54886317     0.50551730    
0.66347438     0.54834872    
0.77271199     0.61578888    
0.86524636     0.69923788    
 1.0066822     0.79209119    
 1.3394543     0.63603443    
 1.3305324     0.56592864    
 1.2458729     0.50640249    
 1.4039531     0.45342264    
 1.3544904     0.40003243    
 1.4044186     0.33157909    
 1.4849678     0.25155506    
 1.0189247     0.18702917    
0.62870675     0.16079858    
0.17000000      0.0000000    
0.32140166     0.21044728    
0.85967064     0.31717107    
 1.5559565     0.35465240    
 2.1408875     0.34497631    
 2.6732557     0.33064854    
 4.2670660     0.33828026    
 3.5800264     0.33553839    
 3.0826445     0.30891049    
 2.3205509     0.24867934    
 1.9041429     0.20179951    
 1.2075597     0.24793601    
0.52040213     0.28385222    
0.63356119     0.25143474    
0.40773311     0.21013543    
0.83434865E-01 0.27535957    
0.64847827E-01 0.36674559    
-.33292394E-01 0.42293409    
0.19864367     0.43852082    
0.25533083     0.42099825    
0.30976999     0.37251309    
0.41060293     0.32680631    
0.64105433     0.31794214    
0.61296713     0.36153570    
0.57248014     0.42390347    
0.51733416     0.46309257    
0.40418726     0.46174908    
0.23404799     0.40889204    
0.12905048     0.31879812    
0.47601789E-01 0.22415408    
0.23064366E-01 0.17231424    
0.18948970E-01 0.22323185    
0.89336976E-01 0.31331959    
0.22120236     0.38988167    
0.34687164     0.43400905    
0.47204134     0.45310351    
0.59202021     0.47430593    
0.70332980     0.52098584    
0.80196667     0.59454489    
0.88403171     0.68184727    
0.97407895     0.77454782    
 1.0623661     0.62614530    
 1.1230236     0.55210334    
 1.1771187     0.48388433    
 1.6314727     0.40939972    
 1.6919440     0.35052657    
 1.5750667     0.30475926    
 1.5549107     0.27991229    
 1.1104517     0.26884258    
0.71762204     0.24315365    
0.40263239     0.21366557    
0.30683517     0.27008942    
0.30105698     0.33112377    
0.72331697     0.32796693    
0.97705239     0.26865697    
 1.3711798     0.21477807    
 1.9409674     0.26372376    
 2.2651017     0.31647050    
 2.1187727     0.30419323    
 2.0977728     0.20732872    
 2.1700001      0.0000000    
 1.4947314     0.20459695    
 1.2246372     0.29576683    
0.82880503     0.31594741    
0.70602316     0.31478301    
0.55190003     0.34261835    
0.31470287     0.37847561    
0.17112163     0.40401682    
0.38034463     0.40859342    
0.46320009     0.38993382    
0.58307588     0.34619910    
0.66678053     0.31318140    
0.65570652     0.33238512    
0.75782984     0.39141378    
0.63970757     0.45045844    
0.53514546     0.47956708    
0.35092729     0.46492320    
0.24480940     0.38836721    
0.14021115     0.27228910    
0.55106811E-01 0.18313026    
0.42326178E-01 0.17752585    
0.74497193E-01 0.18234560    
0.16700670     0.26083532    
0.30052367     0.34556594    
0.43747860     0.38191879    
0.55763030     0.37791356    
0.65952498     0.38093317    
0.74319339     0.43451840    
0.81100929     0.52611083    
0.88565588     0.62782675    
0.94134831     0.72709948    
0.91428858     0.56610537    
 1.0484948     0.48128015    
 1.4771260     0.39806712    
 1.9705125     0.32458436    
 2.1238039     0.25793433    
 2.1025512     0.20645961    
 1.7003828     0.24785246    
 1.2291007     0.30131450    
0.82785857     0.32505053    
0.54692739     0.33375016    
0.40357301     0.35412464    
0.34350753     0.35315174    
0.33308581     0.30979180    
0.34976572     0.20464119    
0.33000001      0.0000000    
0.85386562     0.21030244    
0.93433803     0.31460389    
 1.1658064     0.33195043    
 1.7352262     0.27684751    
 1.7634555     0.22236927    
 1.9223293     0.26916578    
 1.7104943     0.32606012    
 1.1787512     0.34542739    
 1.0483093     0.34508821    
0.95026642     0.34900635    
0.62784481     0.34396073    
0.57547456     0.33604902    
0.56455785     0.34386581    
0.69200534     0.32974833    
0.86794400     0.26651797    
0.99046189     0.21165094    
0.87446052     0.27543923    
0.86412603     0.37745324    
0.71129078     0.45385706    
0.56176102     0.49476695    
0.43733922     0.46877983    
0.31528303     0.38062340    
0.20687807     0.22906266    
0.11000000      0.0000000    
0.12526356     0.13437797    
0.10000000      0.0000000    
0.34617022     0.20949212    
0.52907455     0.31129000    
0.63512737     0.32847667    
0.72809237     0.27475581    
0.78654784     0.22869121    
0.82010823     0.30980134    
0.86247653     0.43402821    
0.89664245     0.54858309    
0.92750543     0.65396905    
0.75803691     0.47844350    
0.89876318     0.39105529    
 1.2235492     0.28879669    
 1.7426127     0.20188375    
 1.9212896     0.16390775    
 2.3399999      0.0000000    
 1.6849593     0.20317076    
 1.1255136     0.31166196    
 1.0203320     0.37283537    
0.90514147     0.39907944    
 1.1544579     0.40363836    
0.79340214     0.36758226    
0.59692276     0.30149615    
0.54096234     0.22045457    
0.24938950     0.18422145    
0.46568310     0.25753409    
0.48514885     0.34932035    
 1.0532956     0.38609847    
 1.7033970     0.37320638    
 1.8964933     0.35367551    
 2.0677657     0.35394579    
 1.9816477     0.35354647    
 1.9587191     0.32947084    
 1.7725096     0.30710790    
 1.6393977     0.29418480    
 1.1308866     0.25649783    
0.72533476     0.21353361    
0.75359929     0.25505581    
0.93194479     0.27559862    
 1.1295213     0.20124100    
 1.3800000      0.0000000    
 1.0130188     0.22026059    
0.77899098     0.35899982    
0.75127739     0.44924968    
0.59058386     0.49947181    
0.42286494     0.48248324    
0.35204613     0.41021705    
0.31268597     0.29795179    
0.30516994     0.21227884    
0.58426939E-01 0.20874906    
0.18449947     0.20062247    
0.61705893     0.25729141    
0.77317911     0.31439179    
0.87508500     0.30534005    
0.89782965     0.20976971    
0.93000001      0.0000000    
0.91478699     0.21824978    
0.92300028     0.35444281    
0.92350417     0.45894194    
0.92967904     0.56117976    
0.92741972     0.36531758    
 1.0152814     0.30077025    
 1.2029573     0.20321330    
 1.3800000      0.0000000    
 1.4388906     0.15584818    
 1.4725055     0.17076822    
 1.3599782     0.22247022    
 1.1103857     0.30588219    
 1.2059326     0.37664500    
 1.4158511     0.41636473    
 1.6727422     0.41667396    
 1.4304360     0.36009729    
 1.0645291     0.26245406    
0.78176302     0.18447216    
0.58427221     0.22103429    
0.50583345     0.30242142    
0.36885765     0.38333684    
 1.5556923     0.42701283    
 1.8521327     0.44236889    
 2.1635103     0.43895969    
 2.3517895     0.41340175    
 2.4356272     0.35894802    
 2.4495761     0.27181587    
 2.4770615     0.20511465    
 2.3397636     0.21617520    
 1.8499027     0.17740010    
0.79000002      0.0000000    
 1.1045947     0.19784652    
 1.2353653     0.26702234    
 1.2455326     0.24025537    
 1.1902641     0.19691324    
0.95122969     0.25829813    
0.68567550     0.36052433    
0.74176294     0.44307527    
0.54991692     0.50046754    
0.47466040     0.50154287    
-.10245602     0.45562777    
-.10880171     0.38863990    
-.27142901E-02 0.33404765    
0.96874505E-01 0.30721471    
0.42510515     0.29702368    
0.96216750     0.31233999    
 1.0781204     0.33349735    
 1.1308639     0.32321191    
 1.1307902     0.26338583    
 1.0917796     0.20600781    
 1.0136805     0.24463090    
0.95672512     0.30161664    
0.94891584     0.35622531    
0.94030309     0.44924226    
0.73128366     0.21950488    
0.62715155     0.22895342    
0.67366636     0.22420569    
0.76839727     0.19614521    
0.79537964     0.21608514    
0.76128918     0.20247757    
0.81813759     0.18462597    
 1.3793570     0.26638192    
 1.7654227     0.35285076    
 2.0982225     0.40853474    
 1.9281838     0.40618634    
 1.7616988     0.34486517    
 1.6575987     0.22048171    
0.83999997      0.0000000    
0.63560832     0.20051527    
0.62313104     0.31178892    
 1.0119220     0.38914949    
 1.3523359     0.45268369    
 1.5393049     0.48680142    
 1.8380870     0.48539352    
 2.4026723     0.44502318    
 2.6357629     0.36213487    
 2.8246241     0.22276872    
 3.0400000      0.0000000    
 3.2849185     0.15335682    
 3.1588128     0.15071335    
 2.4177735     0.16183847    
 1.9239197     0.24079138    
 1.6418650     0.29832670    
 1.3396218     0.29393440    
 1.0975415     0.26571134    
0.82303113     0.27707797    
0.59180599     0.34382361    
0.67186725     0.42881638    
0.52454537     0.49450853    
0.42274055     0.50933546    
-.14381218     0.48300251    
-.63107795     0.43883738    
0.33370994E-01 0.39668363    
0.27722660     0.34951860    
0.91695487     0.31383225    
0.93764001     0.30212486    
 1.4079049     0.32350719    
 1.3929324     0.34202307    
0.97177017     0.33217612    
 1.2423759     0.30745474    
 1.1377174     0.28489146    
 1.0119058     0.24464349    
0.98941332     0.21885507    
 1.0329483     0.32098642    
0.16000000      0.0000000    
0.13386944     0.19760874    
0.17909472     0.27603355    
0.28666356     0.29457861    
0.35421646     0.27693853    
0.34983835     0.19700472    
0.11000000      0.0000000    
 2.1283631     0.21405433    
 3.0899844     0.32487217    
 3.5144608     0.37875763    
 3.1404374     0.38743725    
 2.3884108     0.34823695    
 2.1821015     0.26739094    
 1.2790253     0.19573794    
0.89941478     0.22738343    
0.75990456     0.28708097    
0.86730188     0.36124906    
 1.2342921     0.44205078    
 1.4643337     0.49521995    
 1.7404690     0.50721437    
 2.3424454     0.47104213    
 2.7325971     0.39221585    
 3.0504663     0.28346589    
 3.4936352     0.19692430    
 4.0480728     0.16224889    
 4.8899999      0.0000000    
 3.5197842     0.19576895    
 2.6233711     0.29546556    
 1.9188426     0.33883518    
 1.4607719     0.31560722    
0.75326467     0.24663821    
0.52111244     0.20255221    
0.53287894     0.28056133    
0.47386092     0.39198264    
0.24943469     0.47541520    
0.66012037     0.50289190    
-.50942582     0.48263192    
-.67505455     0.43964532    
0.35469803     0.39438263    
0.39153203     0.33429697    
 1.1292496     0.26110053    
 1.5320762     0.20843261    
 1.4356596     0.26459375    
 1.3261904     0.33424285    
 1.1695739     0.36109865    
 1.1931068     0.35099366    
 1.0796560     0.30483362    
0.82744139     0.20416711    
0.94000000      0.0000000    
 1.2667522     0.24653919    
0.94458960E-01 0.23140605    
-.83267540E-01 0.27532095    
-.51542837E-01 0.33401495    
0.14885306     0.35114580    
0.41568315     0.32653531    
0.83195674     0.26084676    
 1.8802220     0.20136166    
 3.5258114     0.24031925    
 4.6797976     0.28918093    
 4.9643426     0.31618217    
 4.2927694     0.33704644    
 3.9181795     0.34577736    
 2.5108466     0.31216231    
 1.6502970     0.26700801    
 1.1152551     0.22336791    
0.90290111     0.20165862    
 1.0896025     0.28742015    
 1.2272354     0.40275097    
 1.3652978     0.48388529    
 1.6136060     0.51050228    
 2.2921391     0.48296404    
 2.5148757     0.42544657    
 3.0438702     0.35735387    
 3.5339787     0.30208004    
 3.9452705     0.25219470    
 4.1356683     0.21758091    
 3.5803452     0.27958432    
 2.8059547     0.35416064    
 2.1323385     0.37682536    
 1.1049802     0.33096334    
0.57749611     0.21552621    
0.44999999      0.0000000    
0.25085163     0.22384839    
0.56430697     0.37249547    
0.65493309     0.46279994    
-.79827172     0.46784714    
0.39640874     0.44083413    
0.74633044     0.40169945    
0.53071707     0.33237430    
0.55249244     0.28365922    
 1.1456649     0.19802743    
 2.1300001      0.0000000    
 1.8429052     0.21150839    
 1.7275524     0.31872040    
 1.4924604     0.35819238    
 1.2818024     0.35389596    
0.81881762     0.31995651    
0.87061435     0.25998458    
 1.0487415     0.22182593    
 1.3253728     0.32000825    
0.69209456E-01 0.39041862    
-.13805307     0.37861577    
-.11182074     0.38466594    
0.14434740     0.37581390    
0.71645242     0.35121542    
 1.9463757     0.31873655    
 3.5725372     0.28413555    
 5.2181034     0.26141280    
 6.7521229     0.23274688    
 6.8812985     0.20678535    
 5.3242855     0.25351068    
 3.8649085     0.30252632    
 2.4069216     0.30987203    
 1.4942783     0.27144918    
 1.1254600     0.18545489    
 1.0200000      0.0000000    
0.77669257     0.22994080    
 1.2649801     0.38189155    
 1.4408840     0.47235939    
 1.4657845     0.49987862    
 1.9719783     0.47630796    
 2.2728224     0.42805380    
 2.6190403     0.38086349    
 3.0277274     0.35157940    
 3.3778656     0.33734941    
 3.5305998     0.34156787    
 3.2404270     0.37302679    
 2.7177589     0.40856451    
 2.1959209     0.41649199    
 1.1287919     0.37058637    
0.68522197     0.28327233    
0.36534673     0.21514522    
0.58956826     0.27243763    
0.76117200     0.36419407    
0.21173634     0.42299145    
0.34761128     0.43307769    
 2.0755134     0.43802819    
 1.8679382     0.31626621    
0.83219236     0.22025050    
 1.0554928     0.22746858    
 1.4856761     0.22043736    
 1.7472337     0.19823475    
 1.7209530     0.25728711    
 1.6799936     0.31587201    
 1.3816552     0.32599390    
 1.1568518     0.31225270    
 1.0495130     0.31446746    
0.98755318     0.32594109    
 1.3521225     0.35743704    
 1.8311307     0.44110951    
0.10388558     0.49847582    
-.11426047     0.44759598    
-.93912512E-01 0.40325031    
0.35945556     0.35569921    
 1.0727872     0.31931576    
 2.6439300     0.31056473    
 4.4455800     0.28816828    
 6.4903822     0.23245746    
 8.4571056     0.15185568    
 9.2700005      0.0000000    
 5.3268824     0.15570469    
 3.1339693     0.23901735    
 1.9266473     0.27622950    
 1.1862876     0.23412114    
0.81329256     0.16092275    
0.75598103     0.16467644    
0.67548639     0.26589844    
0.97547251     0.38308337    
 1.0783296     0.46127045    
 1.2463931     0.47885910    
 1.6768293     0.44418663    
 1.9267273     0.38179684    
 2.2130175     0.33686927    
 2.5534937     0.34016353    
 2.8284116     0.36773399    
 2.9161289     0.39563987    
 2.8320842     0.42103752    
 2.4979134     0.43936244    
 2.1159985     0.44260693    
 1.1846775     0.41370195    
0.36220136     0.36568454    
0.88862973     0.32794619    
 1.2408524     0.33346179    
 1.7823135     0.35923177    
0.94939095     0.38311675    
 1.9774479     0.43289748    
 2.3664689     0.34835574    
 2.9329004     0.21899392    
0.56999999      0.0000000    
 1.9560081     0.17902027    
 1.9759753     0.24655634    
 1.7495958     0.27960420    
 1.4992251     0.30728620    
 1.9702580     0.30973864    
 1.4444691     0.25983098    
0.99738085     0.20875332    
 1.0356619     0.26488501    
 1.2471615     0.35373017    
 1.6096160     0.43892175    
 2.1062689     0.53489959    
0.14236403     0.56320429    
-.38785443E-01 0.47821689    
0.53911012E-01 0.38758457    
0.32537311     0.28333038    
 1.1700313     0.21149114    
 2.6736214     0.24550155    
 4.5573831     0.26516664    
 6.6689248     0.19609827    
 9.0100002      0.0000000    
 8.0299997      0.0000000    
 2.5200000      0.0000000    
 2.0332046     0.19559026    
 1.4284499     0.25536531    
0.81862825     0.19683154    
0.46000001      0.0000000    
0.54466486     0.19976500    
0.63895071     0.31478390    
0.84816158     0.40367460    
 1.1537278     0.45597216    
 1.1550736     0.45267317    
 1.2927136     0.39227188    
 1.4167500     0.29123813    
 1.7673994     0.21992044    
 2.0950313     0.27044290    
 2.3511994     0.35081378    
 2.4753323     0.39734593    
 2.4113057     0.41565722    
 2.3491039     0.42700830    
 1.5399512     0.43370140    
0.55608875     0.42814097    
0.25123155     0.40771851    
 1.1956700     0.36647338    
 1.6490563     0.33159882    
 2.2322178     0.31417730    
 3.2149312     0.31482834    
 4.2107711     0.32799748    
 4.7226858     0.29024869    
 6.0666184     0.22197114    
 6.0884109     0.15424792    
 4.8591151     0.15905657    
 3.1108062     0.22451301    
 1.9446578     0.28758246    
 1.3192564     0.32273403    
 1.0609879     0.30488375    
 1.4711086     0.20845920    
 1.2100000      0.0000000    
 1.3420237     0.22132020    
 1.5781407     0.36887237    
 1.9280840     0.48784602    
 2.3960507     0.59831160    
0.18767139     0.59285188    
0.25711057     0.48207346    
0.34028077     0.36092862    
0.48507482     0.21633634    
0.64999998      0.0000000    
 2.3336575     0.19930062    
 3.9494154     0.26992857    
 5.3325939     0.24023852    
 5.7342715     0.15706785    
 3.5599999      0.0000000    
 2.3224223     0.15420973    
 1.4131349     0.23667367    
0.97193950     0.27797085    
0.65351576     0.24978147    
0.39698473     0.21071035    
0.61444682     0.27258468    
0.80879015     0.35382080    
0.91614658     0.41341066    
 1.1566813     0.44411758    
 1.0518367     0.43005836    
 1.2587622     0.35378492    
 1.2956256     0.22018349    
 1.2100000      0.0000000    
 1.7507488     0.21242194    
 2.0916674     0.32399374    
 2.1662469     0.36810219    
 2.1417460     0.36220941    
 2.1042969     0.35596445    
 1.4287180     0.37947410    
0.49333811     0.40899256    
0.30290556     0.40088862    
 1.0104746     0.35276496    
 1.5301777     0.27951774    
 2.6337581     0.20658237    
 4.4905605     0.21886663    
 6.2907052     0.20274113    
 7.8938742     0.22264586    
 10.147124     0.20341749    
 11.647864     0.14167380    
 7.9400001      0.0000000    
 4.0694447     0.15549760    
 1.8478590     0.24822395    
 1.0425507     0.32227865    
0.79051352     0.32514739    
0.88439482     0.26512623    
 1.6173123     0.21064259    
 1.7387465     0.28003871    
 1.9485717     0.39980653    
 2.2998166     0.51900852    
 2.7186806     0.63595289    
0.29826319     0.60127980    
0.37164074     0.46909809    
0.48939079     0.33693686    
0.63500214     0.22697486    
 1.0525509     0.18398438    
 2.0895958     0.25273618    
 3.1456225     0.31855625    
 3.7304857     0.31782082    
 3.6693857     0.26521370    
 2.8304660     0.21615270    
 2.0118389     0.24738519    
 1.3339546     0.28977555    
0.91958404     0.31196225    
0.64684230     0.31296495    
0.44478974     0.31430545    
0.39944285     0.34098709    
0.84834868     0.37672868    
 1.0434164     0.39853546    
 1.0765946     0.41575649    
 1.3539989     0.39682728    
 1.5067198     0.34118402    
 1.4852809     0.25368783    
 1.5310996     0.19915734    
 1.7531794     0.25798866    
 1.9589589     0.32421985    
 1.7280525     0.32812154    
 1.7033049     0.27179286    
 1.7485949     0.22198093    
 1.2976354     0.28615126    
 1.0284679     0.35992894    
0.81668341     0.39648515    
 1.4470288     0.34382600    
 1.8646131     0.23736061    
 1.9800000      0.0000000    
 7.1916947     0.12147651    
 8.4799995      0.0000000    
 10.180108     0.14488390    
 12.822885     0.15561977    
 18.639999      0.0000000    
 8.3400002      0.0000000    
 2.5100000      0.0000000    
 1.2172091     0.21634056    
0.94159538     0.32449499    
0.68337166     0.35718367    
0.96558648     0.33536819    
 2.0114193     0.31038904    
 2.1948054     0.33756125    
 2.4065170     0.41796342    
 2.6329155     0.52858365    
 2.8060448     0.64813107    
0.60453862     0.58990836    
0.60557264     0.44250196    
0.68335712     0.28557667    
0.89184821     0.18704948    
 1.0289593     0.22303744    
 1.5458049     0.30994728    
 2.0915074     0.37787560    
 2.7090755     0.40010753    
 2.6911199     0.37638754    
 2.3218794     0.34711009    
 1.8689811     0.32166517    
 1.4637935     0.30447972    
 1.0105282     0.30029812    
0.80916387     0.31734586    
0.61662245     0.34056568    
0.74846643     0.35125288    
 1.0081550     0.34569302    
 1.1768175     0.33920240    
 1.3532919     0.35189286    
 1.6141862     0.35081795    
 1.8139925     0.31487429    
 1.8065786     0.27178487    
 1.8751866     0.26946008    
 1.7589147     0.30660093    
 1.7523775     0.33395061    
 1.6729915     0.30744785    
 1.7028667     0.20367536    
 1.7100000      0.0000000    
 1.5589688     0.20946573    
 1.3029944     0.32303488    
 1.3926758     0.35997543    
 1.1175582     0.32672298    
 2.5859468     0.25678882    
 4.5479245     0.15143570    
 9.4200001      0.0000000    
 18.760000      0.0000000    
 5.2600002      0.0000000    
 8.1441307     0.15561977    
 8.8021317     0.14049999    
 2.2800000      0.0000000    
 1.4272039     0.15977605    
0.25900134     0.27318496    
0.33901361     0.35165313    
0.53138685     0.38393024    
0.98870242     0.36381269    
 1.6822623     0.32510081    
 2.6895659     0.32033455    
 2.8770435     0.38782471    
 2.9515274     0.50597417    
 3.0062306     0.63824809    
0.72849882     0.58398068    
0.69471872     0.42287311    
0.93410772     0.23866326    
 1.1000000      0.0000000    
 1.0025963     0.20986612    
 1.1697870     0.33660907    
 1.8139725     0.42451295    
 2.1361694     0.45371047    
 2.1858652     0.46328947    
 2.0411148     0.41837513    
 2.1508083     0.35752821    
 1.7308460     0.26313916    
 1.3355112     0.20692211    
 1.2906182     0.25951159    
 1.0711870     0.31920856    
 1.1896603     0.32087758    
 1.2077234     0.26623774    
 1.3032130     0.21574001    
 1.5302174     0.25912926    
 1.8512219     0.28840804    
 2.1542587     0.24881871    
 2.2625179     0.19900523    
 2.2556720     0.24839625    
 2.0209751     0.31933627    
 1.9754797     0.34576464    
 1.7584776     0.30907980    
 1.7553643     0.20954511    
 1.7379932     0.13541813    
 1.7511578     0.20880988    
 1.8061808     0.30108938    
 1.5899384     0.33325112    
 2.7108805     0.35185823    
 2.0171800     0.26614022    
 4.0680795     0.20788546    
 6.0152864     0.14648429    
 2.8199999      0.0000000    
 4.7305737     0.14630140    
 4.6329207     0.19630757    
 4.8138542     0.19550940    
 2.7493398     0.18205766    
0.68973702     0.24917057    
0.81067830E-01 0.36614349    
0.53145432     0.39539638    
 1.8422067     0.40343195    
 2.2119853     0.35811752    
 2.8201213     0.26960409    
 3.2461011     0.21406643    
 3.3300769     0.30499637    
 3.3387394     0.46131670    
 3.3192396     0.61691952    
0.93487734     0.58456135    
0.89611495     0.44206986    
0.84229261     0.28936017    
0.87422997     0.20172916    
0.88353288     0.25707355    
0.97305822     0.35504672    
 1.1664025     0.43676618    
 1.3695911     0.48498368    
 1.7970086     0.49359876    
 1.7080462     0.45326221    
 2.1266544     0.38463494    
 1.9346302     0.22627065    
 1.7800000      0.0000000    
 1.3191478     0.20794222    
 1.1465540     0.30089056    
 1.2511448     0.30147797    
 1.3045734     0.20833899    
 1.3600000      0.0000000    
 1.7423121     0.19829416    
 2.1330767     0.25721455    
 2.4857388     0.19699739    
 2.8399999      0.0000000    
 2.5803218     0.21519630    
 2.4487724     0.33067048    
 2.2164788     0.36867324    
 1.9969238     0.32954419    
 1.9075572     0.21156183    
 1.8200001      0.0000000    
 1.9220906     0.19845016    
 2.0544934     0.28476653    
 2.1835382     0.29169515    
 2.4772930     0.24659602    
 3.2354190     0.19564368    
 3.2329602     0.20454827    
 4.3343029     0.20553048    
 3.3409767     0.18334383    
 2.7943039     0.20553048    
 2.5393062     0.20020379    
 3.1833580     0.17589884    
 2.1462307     0.21129733    
0.50584787     0.29191586    
0.13936509     0.40908945    
 1.5800585     0.41786638    
 1.9403361     0.41958532    
 2.4562149     0.35606077    
 3.0260048     0.22225624    
 3.8099999      0.0000000    
 3.6062591     0.24239600    
 3.4142492     0.43546081    
 2.8823774     0.60271722    
 1.1075097     0.58003753    
0.92254269     0.45768094    
0.75557441     0.34185708    
0.67762655     0.27316999    
0.69064516     0.27750686    
0.84823394     0.34563318    
 1.0284365     0.43308550    
 1.2125279     0.49754298    
 1.6749227     0.52392304    
 1.5129912     0.48864225    
 1.3845829     0.40650657    
 1.8311707     0.29883844    
 1.5784857     0.21336240    
 1.3131486     0.25974122    
 1.2015175     0.32137734    
 1.2865192     0.32751399    
 1.5483067     0.27167568    
 1.7431175     0.22020020    
 2.0656815     0.26603293    
 2.4374492     0.30139902    
 2.7284019     0.26850617    
 2.9166164     0.22890614    
 2.8163347     0.29798239    
 5.4433193     0.38518369    
 6.6926999     0.42034745    
 2.8127582     0.38632968    
 2.8464346     0.29610828    
 2.8346062     0.22227600    
 2.7924783     0.25526413    
 2.8502367     0.28289136    
 2.9006629     0.24011503    
 3.3797262     0.15538824    
 2.3299999      0.0000000    
 4.7503247     0.14685795    
 4.4891191     0.20967390    
 3.7605135     0.23557776    
 3.9537532     0.20948973    
 3.5717428     0.14688560    
 3.5899999      0.0000000    
 2.4961207     0.15342882    
 2.0064051     0.26490891    
 1.8810985     0.40691054    
 2.0061793     0.43116170    
 2.3109941     0.44441792    
 2.9507284     0.38620040    
 3.1447680     0.28692463    
 3.2727356     0.22067381    
 3.3548234     0.30591214    
 2.9600878     0.46249178    
 2.7830980     0.61114883    
 1.3513910     0.56253731    
0.99043745     0.44384056    
0.69941449     0.33238310    
0.51375759     0.24250257    
0.47152582     0.20216340    
0.62160283     0.28145057    
0.76826864     0.40228182    
 1.0661279     0.48688069    
0.99322677     0.52264279    
0.84288359     0.50596976    
 1.2456348     0.44427463    
 1.2641408     0.36884898    
 1.4544088     0.31895885    
 1.3242480     0.31774417    
 1.4131967     0.34957901    
 1.5296979     0.37036258    
 1.8638983     0.36305675    
 2.1446874     0.35663256    
 2.4824989     0.37300211    
 2.7757885     0.38943565    
 2.9578278     0.38550252    
 3.0960746     0.38709524    
 3.3327632     0.42230898    
 3.9433410     0.46953022    
 5.0557356     0.49686635    
 5.7761469     0.46778539    
 10.047763     0.41137248    
 10.392882     0.36626574    
 3.9326565     0.33835453    
 3.9464438     0.30038598    
 3.9616709     0.20345697    
 4.2900000      0.0000000    
 6.4099998      0.0000000    
 7.7100000      0.0000000    
 5.9477687     0.19166507    
 5.6171317     0.24905500    
 4.8815870     0.19174503    
 3.6400001      0.0000000    
 5.3099999      0.0000000    
 2.2200000      0.0000000    
 2.1534517     0.22044626    
 1.9796810     0.39456713    
 2.3996069     0.44454855    
 1.7052166     0.45305926    
 1.9036424     0.42343935    
 2.2897353     0.36838630    
 2.5859253     0.34269503    
 2.6232953     0.39330250    
 2.5792327     0.50434369    
 2.5628731     0.63795900    
 1.6061391     0.51304775    
 1.1610388     0.39798135    
0.70557928     0.27161449    
0.40317252     0.15786551    
0.31999999      0.0000000    
0.45453164     0.22225387    
0.51643175     0.36649930    
0.87249470     0.46587530    
 1.0033426     0.51213813    
 1.1269885     0.51192874    
 1.1951252     0.46238762    
 1.2582679     0.39599907    
 1.2959816     0.33136576    
 1.3120370     0.30860201    
 1.4162844     0.33964691    
 1.7255411     0.38769308    
 2.0717216     0.41996223    
 2.4403427     0.43788666    
 2.8174160     0.45204133    
 3.1035533     0.46485838    
 3.3443999     0.47487292    
 3.3598125     0.49147615    
 3.8726282     0.51975948    
 4.8943043     0.54778850    
 6.3782420     0.55997473    
 9.3423967     0.54366338    
 10.773260     0.49250427    
 17.987114     0.45038691    
 15.199931     0.39035097    
 9.3657961     0.32773653    
 9.6841440     0.25498083    
 4.7205424     0.15163974    
 3.2100000      0.0000000    
 5.8706150     0.15842365    
 6.2018552     0.24990395    
 6.0778971     0.29317993    
 5.8698344     0.24852145    
 6.6725125     0.15782942    
 9.0799999      0.0000000    
 4.5074697     0.12168048    
 2.7350712     0.22768755    
 2.5078423     0.35929495    
 1.9116330     0.42815873    
 1.8191199     0.45622668    
 1.8002552     0.43765882    
 1.5344714     0.39867234    
 1.9177791     0.38400581    
 2.2582829     0.42698109    
 2.7188163     0.52114791    
 3.0566933     0.64134783    
 1.3807939     0.44352672    
 1.1184732     0.34425572    
0.76729995     0.21402714    
0.34000000      0.0000000    
0.36044040     0.15363970    
0.38175347     0.25089872    
0.48996621     0.34825060    
0.58935744     0.42868200    
0.84933764     0.48736063    
0.95414221     0.50046700    
 1.0336300     0.45899063    
 1.1001700     0.38128313    
0.99824464     0.27643958    
 1.1724360     0.21124028    
 1.3845963     0.27687722    
 1.7129476     0.37373966    
 2.1959293     0.43698025    
 2.6579611     0.46850893    
 3.1064079     0.48300469    
 3.4445853     0.49616277    
 3.7096245     0.51380110    
 3.6505220     0.54333693    
 4.1081948     0.57530087    
 6.0788298     0.60359097    
 9.5808659     0.60176057    
 11.006868     0.59628582    
 12.275309     0.55592108    
 14.320191     0.46768594    
 15.065855     0.39513147    
 19.272427     0.35112014    
 11.461030     0.26590961    
 6.9295211     0.21434711    
 7.3790746     0.19534461    
 8.9754715     0.26871964    
 9.0566988     0.32909986    
 5.6844263     0.37589043    
 6.0974479     0.34130016    
 6.5352945     0.26046750    
 5.9269981     0.15745622    
 3.5100000      0.0000000    
 2.6985066     0.22473912    
 1.8246739     0.35552847    
 1.8326262     0.43339285    
 1.5936236     0.45257559    
 1.0808543     0.42103764    
 1.0622078     0.36723587    
 1.2260567     0.34462020    
 1.6382453     0.39381403    
 2.2758820     0.50012910    
 2.6697218     0.62804973    
 1.6190704     0.35296708    
 1.3548490     0.30033106    
 1.0050998     0.24412622    
0.68808997     0.19929974    
0.53429663     0.23160675    
0.47476009     0.26991293    
0.51477128     0.31023309    
0.57019478     0.37485528    
0.79536104     0.44667882    
0.87544936     0.47822726    
0.93855214     0.45446697    
0.95872152     0.37168348    
0.98429048     0.22420059    
0.99000001      0.0000000    
 1.3553562     0.21724933    
 1.7505952     0.34979984    
 2.2679954     0.42626059    
 2.8187969     0.45892856    
 3.4363592     0.46409151    
 3.7368209     0.47373107    
 3.8990998     0.50253439    
 3.6558969     0.54636133    
 5.3475642     0.59542406    
 8.4880075     0.62097180    
 10.250372     0.62063122    
 11.104119     0.66675973    
 14.166352     0.55062473    
 17.751074     0.44185558    
 21.972452     0.37482637    
 19.811924     0.26586932    
 13.110069     0.19587664    
 9.1422539     0.21434711    
 11.199671     0.26590961    
 12.204304     0.35112014    
 7.6482577     0.37612942    
 3.7786191     0.40415487    
 4.6520686     0.37542981    
 4.5378842     0.32990503    
 4.3283548     0.25377107    
 3.3847106     0.21009271    
 2.6089661     0.29156744    
 1.7978423     0.37658125    
 1.2903187     0.44140059    
0.95127177     0.44305047    
0.67504263     0.38682446    
0.59313983     0.28628919    
0.71528578     0.22080709    
 1.2300558     0.30411234    
 1.9199126     0.45043170    
 1.5640912     0.60028023    
 1.9333411     0.21895224    
 1.6582648     0.24498877    
 1.3034312     0.28350061    
 1.0042974     0.29156455    
0.76687551     0.28084540    
0.63204199     0.23917931    
0.56113833     0.20849104    
0.57206154     0.28876939    
0.75656617     0.39456081    
0.80677044     0.45175570    
0.81555372     0.44979462    
0.83882010     0.38502234    
0.63764715     0.27543497    
0.87931263     0.20115551    
 1.2568220     0.25295374    
 1.7477176     0.34049660    
 2.3744452     0.39820430    
 3.0530641     0.41106242    
 3.7955425     0.38930845    
 4.2668381     0.38136014    
 4.4172077     0.42338991    
 3.9529743     0.49988583    
 5.1095076     0.57312518    
 8.2175407     0.61061692    
 9.5876713     0.62688595    
 13.019648     0.61529487    
 13.935925     0.50958842    
 20.464951     0.40359846    
 29.673731     0.28275126    
 30.339119     0.16186097    
 11.080000      0.0000000    
 13.704274     0.15148401    
 12.426219     0.25679579    
 11.639154     0.38736704    
 8.8388748     0.40033275    
 6.5426688     0.40278080    
 3.9859154     0.39327049    
 3.3872643     0.35823467    
 3.2789450     0.31792095    
 2.8601608     0.30644637    
 2.5491376     0.35464430    
 1.8455888     0.40032902    
 1.1213418     0.44371653    
0.80752504     0.43613687    
0.60699195     0.36487994    
0.44130105     0.22490245    
0.23999999      0.0000000    
 1.0962721     0.23174801    
 1.8656007     0.40904379    
 2.2775328     0.56782234    
 2.3299999      0.0000000    
 1.9330763     0.20821297    
 1.5814987     0.30965045    
 1.2749144     0.33986196    
 1.0226134     0.30873317    
0.82495964     0.20740025    
0.67000002      0.0000000    
0.62077981     0.21865717    
0.71708840     0.35318550    
0.73569113     0.42509937    
0.73422855     0.44208246    
0.37532583     0.39836246    
0.47483408     0.33049732    
0.71003217     0.27396137    
 1.1173422     0.27180615    
 1.6971003     0.31788215    
 2.4080780     0.35938773    
 3.2214384     0.34955329    
 4.1274920     0.28258538    
 4.6748734     0.22946474    
 4.7011061     0.30867913    
 3.0770957     0.43376780    
 6.5482817     0.53387201    
 7.9987335     0.60489583    
 8.8154812     0.61058581    
 10.178155     0.54827553    
 13.064317     0.49338314    
 17.038998     0.30850711    
 28.325338     0.16445132    
 58.320000      0.0000000    
 17.190001      0.0000000    
 22.750000      0.0000000    
 14.423628     0.22001836    
 7.6847401     0.31912819    
 8.3589468     0.37049049    
 6.0772171     0.35720026    
 4.4799266     0.33537251    
 2.1226742     0.32264221    
 1.8741928     0.30572233    
 2.3314033     0.30522665    
 2.2847273     0.35121968    
 1.7601351     0.39415622    
 1.5269086     0.43251899    
 1.0635506     0.43429789    
0.81308788     0.37669006    
0.75758713     0.27464035    
0.90502101     0.20091991    
 1.4414765     0.26396912    
 2.0447135     0.39411718    
 2.3662348     0.54033446    
 2.2480206     0.22984457    
 2.0460286     0.28135815    
 1.7658943     0.35376516    
 1.4842362     0.37932909    
 1.2271194     0.34999096    
 1.0152717     0.27134344    
0.83625191     0.20694673    
0.72010100     0.25569040    
0.68897891     0.33629429    
0.72512364     0.39749509    
0.71407658     0.42021549    
0.26136923     0.39451459    
0.32521334     0.33511567    
0.50239706     0.25169441    
0.87842894     0.19954254    
 1.5369897     0.25766566    
 2.4223797     0.31988817    
 3.2898285     0.31138086    
 4.1934218     0.21162499    
 5.1500001      0.0000000    
 4.7597351     0.23237684    
 2.0270567     0.39343563    
 4.1436081     0.49643907    
 6.0898266     0.56056005    
 6.7446356     0.55688787    
 7.7978330     0.50748497    
 7.9427209     0.43385452    
 7.3383317     0.23151727    
 2.7600000      0.0000000    
 23.657093     0.11911494    
 21.080000      0.0000000    
 17.704107     0.14462285    
 14.055553     0.24641010    
 12.103655     0.30696720    
 8.8075724     0.32349414    
 5.3329053     0.27812153    
 2.7682509     0.21477978    
0.93925464     0.23650171    
 1.3151819     0.23238470    
 1.6046828     0.20711817    
 1.5091507     0.26859751    
 1.8077259     0.35210499    
 1.7774122     0.40459192    
 1.7198023     0.41913795    
 1.6725535     0.38995865    
 1.3229389     0.32934210    
 1.5883018     0.27306911    
 2.0475562     0.28003246    
 2.4101834     0.36766377    
 2.6070807     0.50595886    
 2.2051382     0.38263026    
 2.0786006     0.38025025    
 1.8773469     0.40174541    
 1.6400239     0.40929085    
 1.4058137     0.38779506    
 1.1765217     0.34295398    
0.98336518     0.30040473    
0.81671548     0.28691241    
0.71249384     0.30395377    
0.63621056     0.34286335    
0.57200313     0.37159497    
0.17540540     0.36014542    
0.23405509     0.31180456    
0.34519616     0.20489106    
0.50999999      0.0000000    
 1.3647369     0.20596489    
 2.2035854     0.30555511    
 3.0295405     0.32305914    
 3.7633862     0.27042162    
 4.2492857     0.22134376    
 4.2599039     0.29334220    
 1.2906381     0.40545079    
 4.1092544     0.48701560    
 4.0912485     0.53098601    
 4.4216123     0.52561110    
 4.4056997     0.51459444    
 4.7558417     0.41830900    
 3.8917987     0.23109895    
 5.2906485     0.13385409    
 10.290467     0.15850212    
 11.906877     0.15200792    
 11.290919     0.15561977    
 13.263487     0.23159082    
 8.6718445     0.27219719    
 6.2364316     0.26924649    
 3.5417199     0.19052576    
0.18000001      0.0000000    
0.70260590     0.17530952    
 1.0272990     0.17572391    
 1.3700000      0.0000000    
 1.6059567     0.19327982    
 1.6422278     0.28495380    
 1.7005109     0.34930739    
 2.1417959     0.39278165    
 2.1953180     0.38942856    
 2.3464377     0.33543438    
 2.3057930     0.25199348    
 2.6852140     0.20288162    
 2.8604732     0.29856360    
 2.9326108     0.46362945    
 2.1649168     0.47897413    
 2.0899117     0.43826595    
 1.9490566     0.41715729    
 1.7568452     0.40533921    
 1.5467066     0.39306608    
 1.3220562     0.36764374    
 1.1054633     0.32039848    
0.89101666     0.25127199    
0.75854540     0.20649825    
0.64413172     0.25670660    
0.55272442     0.30091205    
0.19394216     0.30157903    
0.21727282     0.27893475    
0.40943190     0.22292478    
0.70274186     0.17545193    
 1.2657884     0.23660712    
 1.9482816     0.32278892    
 2.6102633     0.36574760    
 3.1050034     0.36357155    
 3.4392197     0.35544318    
 3.5367203     0.38257813    
0.67979664     0.43274662    
 1.2275182     0.47740740    
 2.1541369     0.50753415    
 2.2112374     0.50471526    
 2.8967254     0.48721558    
 5.0098171     0.44167972    
 4.1209235     0.23546846    
 5.0500002      0.0000000    
 5.1437640     0.14853089    
 6.9085574     0.13562280    
 5.3800001      0.0000000    
 8.6142693     0.15164125    
 8.0185061     0.21661036    
 6.1217847     0.21608277    
 3.5766895     0.15918037    
 1.8607360     0.16023815    
 1.5026631     0.21944816    
 1.5106004     0.22851335    
 1.6048293     0.18784608    
 1.9626081     0.18602461    
 2.1032555     0.19351707    
 2.1863859     0.27278012    
 2.2820942     0.35636690    
 2.4551313     0.38210467    
 2.8519688     0.33653796    
 3.0905719     0.21613182    
 3.3499999      0.0000000    
 3.0751400     0.24417579    
 3.2648566     0.44752902    
 2.1150239     0.52869016    
 2.0830519     0.44704714    
 1.9894882     0.37959579    
 1.8410505     0.34585428    
 1.6369433     0.35063043    
 1.4080231     0.35468063    
 1.1842662     0.31603098    
0.98824316     0.20963219    
0.81000000      0.0000000    
0.66283339     0.18423615    
0.38177985     0.22043492    
0.27662969     0.19906972    
0.30187115     0.22110483    
0.51155150     0.20807947    
0.78989506     0.17492300    
 1.2004265     0.24071577    
 1.6833163     0.34066096    
 2.1694682     0.40759712    
 2.4914980     0.43127164    
 2.6835375     0.43055075    
 2.7679551     0.42850524    
0.19167130     0.43376911    
-1.1747085     0.44694686    
-.85108566     0.46738988    
-1.0250474     0.47895864    
0.27999297     0.47370112    
0.85602993     0.39842933    
 5.7342658     0.33020642    
 5.6975465     0.20895161    
 6.1730833     0.16422299    
 5.5400000      0.0000000    
 7.5300002      0.0000000    
 10.200000      0.0000000    
 8.6687870     0.17531410    
 6.6580954     0.17571092    
 4.5999999      0.0000000    
 3.4713798     0.19660720    
 2.7774727     0.28984243    
 2.4632776     0.31496680    
 2.2721512     0.27990115    
 2.4456627     0.19477074    
 2.7500000      0.0000000    
 2.7706389     0.22199543    
 2.8802698     0.35074204    
 3.0865064     0.40240723    
 3.3706527     0.37946817    
 3.3947065     0.29915982    
 3.5352702     0.24075970    
 3.3351316     0.33370671    
 3.1734970     0.49530166    
 2.0446422     0.55246294    
 2.0383303     0.42688230    
 2.0053949     0.29588258    
 1.9032561     0.21923445    
 1.7084588     0.26998505    
 1.4769220     0.33339444    
 1.2635347     0.33659574    
 1.0545003     0.27748954    
0.87277371     0.21612246    
0.70096773     0.22768064    
0.55380785     0.18680534    
0.40000001      0.0000000    
0.44604537     0.17546304    
0.60274994     0.17496786    
0.82999998      0.0000000    
 1.1150482     0.22163248    
 1.4419235     0.36131528    
 1.7659414     0.44537687    
 1.9594337     0.47504863    
 2.0024772     0.46292555    
 2.0204492     0.42636526    
0.40451741     0.38463888    
-1.3557767     0.36641985    
-2.4755988     0.39677122    
-2.6744654     0.44376758    
-.56408006     0.46957284    
 2.7768025     0.44474179    
 6.4522209     0.47253492    
 7.1087322     0.35696390    
 8.1833630     0.26216367    
 10.372423     0.16203402    
 15.770000      0.0000000    
 12.492863     0.15769482    
 10.376536     0.23339239    
 8.2292614     0.24833393    
 6.5260158     0.23248851    
 5.0263577     0.29959753    
 4.0754781     0.37833253    
 3.4881029     0.40602732    
 3.1132450     0.37688705    
 2.9168444     0.30184624    
 3.1077721     0.24327019    
 3.3582597     0.31207690    
 3.5013278     0.41195565    
 3.6613197     0.46799710    
 3.7921255     0.47170410    
 3.6229718     0.44112110    
 3.6957209     0.43102515    
 3.6981442     0.48760518    
 3.6499169     0.59681988    
 1.9255161     0.58131409    
 1.9657183     0.42476943    
 1.9744630     0.23930864    
 1.9600000      0.0000000    
 1.7295731     0.21989098    
 1.5120751     0.34340984    
 1.2995751     0.39386284    
 1.1010059     0.38939831    
0.97143584     0.36634338    
0.81645226     0.34043714    
0.79550177     0.28515786    
0.66035032     0.23110874    
0.65580994     0.25766113    
0.68132550     0.25747192    
0.83299232     0.23393719    
 1.0227150     0.31341439    
 1.2291455     0.42187810    
 1.4725931     0.49495563    
 1.5361112     0.51249659    
 1.4273028     0.47741190    
 1.3669966     0.39900073    
 1.4058483     0.29280242    
 1.0840712     0.22563136    
-1.8365338     0.29515851    
 2.5789642     0.40258995    
 2.1156204     0.47395918    
 4.9415531     0.49971637    
 6.3637905     0.48448920    
 8.6874447     0.50595134    
 10.127398     0.40381151    
 12.346598     0.30635729    
 13.776026     0.24317908    
 13.027884     0.29042995    
 11.742274     0.35459614    
 9.6093225     0.39164475    
 7.8870821     0.41631764    
 6.3166833     0.44876215    
 5.2202973     0.49674925    
 4.4574189     0.51755577    
 3.8934302     0.50183284    
 3.6089594     0.46269777    
 3.4905849     0.44155848    
 3.7352736     0.47059208    
 3.9860148     0.52554345    
 3.9926713     0.57338566    
 4.0190144     0.59102607    
 3.9971478     0.59238255    
 3.7971001     0.59610879    
 3.7887368     0.64016187    
 3.7421310     0.71652591    
 1.7971475     0.63573754    
 1.8453200     0.48667675    
 1.8606766     0.33340824    
 1.8105496     0.24597900    
 1.6657614     0.31392446    
 1.4821603     0.41810772    
 1.3005273     0.48266524    
 1.1317389     0.50496191    
 1.0733275     0.50123745    
0.93753302     0.47850016    
 1.0531669     0.44109738    
0.92914051     0.41475996    
0.89442939     0.41266006    
0.75927126     0.41219193    
0.84051365     0.41814330    
0.94906187     0.46020004    
 1.0621066     0.52045041    
 1.2735114     0.56434578    
 1.2391200     0.56042522    
 1.0144913     0.50344890    
0.92756122     0.39398348    
0.67514575     0.23309664    
0.34000000      0.0000000    
 1.4391842     0.23379412    
 2.6099949     0.39646453    
 3.8508134     0.50462455    
 5.2634120     0.56184834    
 6.7972622     0.57550424    
 8.4671068     0.55566990    
 11.241188     0.57250100    
 12.012378     0.48948362    
 12.912207     0.45220149    
 12.634697     0.46863806    
 11.865644     0.51117545    
 10.254498     0.54643184    
 8.6763897     0.58714086    
 7.2302728     0.59990931    
 6.1088700     0.63120675    
 5.2648931     0.64703745    
 4.5523610     0.63951439    
 4.2300968     0.62309939    
 3.8444479     0.61551905    
 4.0757675     0.62974930    
 4.2756133     0.65996891    
 4.3795485     0.69052565    
 4.1368532     0.71833235    
 4.1018176     0.73251045    
 3.8315053     0.73992813    
 3.8082898     0.77697593    
 3.7588716     0.83250380    
 1.6653051     0.71829861    
 1.7060124     0.59926569    
 1.7171463     0.49653977    
 1.6736547     0.44850215    
 1.5644017     0.47700921    
 1.4299196     0.54105800    
 1.2929715     0.59606695    
 1.2891220     0.62662077    
 1.1624629     0.63128293    
 1.0486230     0.61909419    
 1.2848080     0.59531981    
 1.1885972     0.58002138    
0.93863809     0.56879151    
0.94109082     0.56770694    
0.97880888     0.57639915    
0.91263074     0.60402465    
0.95414519     0.63208228    
 1.1738843     0.64847910    
 1.0824805     0.62657344    
0.80499458     0.56196791    
0.72868520     0.45514354    
 1.1519064     0.32455623    
0.97712708     0.24697076    
 1.7889394     0.32910246    
 2.8652115     0.46242100    
 4.0957537     0.57149124    
 5.4892569     0.64128739    
 6.9863358     0.67288297    
 8.5541677     0.67368877    
 9.3897753     0.65475404    
 11.983500     0.67797810    
 12.491039     0.64948916    
 12.324500     0.65404105    
 11.507550     0.68214959    
 10.275508     0.70834517    
 8.9570827     0.71861082    
 7.7689171     0.74599856    
 6.7055650     0.76923150    
 5.8550186     0.78290987    
 5.0650363     0.77463698    
 4.6919794     0.76971632    
 4.7524686     0.76608247    
 4.3131156     0.77191454    
 4.4433436     0.79037374    
 4.4743223     0.81247967    
 4.4277043     0.83262825    
 4.1356955     0.85907346    
 4.0996494     0.88287163    
 3.7579372     0.89477581    
 3.7040112     0.93580276    
