Results of variogram declustering
11
direction
lag-num
lag-dist
nparis
Exp-Variogram
GK-Variogram
Fit-Variogram
GK-Variance
fom_Variance
dof
chi-Variance
 1    1         1.0000       118    0.1968    0.2232    0.1296    0.0012    0.0012        23    0.0012
 1    2         1.5814       118    0.2853    0.2507    0.1983    0.0012    0.0027        22    0.0029
 1    3         3.9897       118    0.3845    0.5351    0.4666    0.0092    0.0273        24    0.0148
 1    4         5.7452       118    0.4048    0.5836    0.6336    0.0169    0.0619        33    0.0202
 1    5         7.7636       118    0.6147    0.7275    0.7795    0.0186    0.0574        81    0.0129
 1    6         9.7287       118    1.0001    0.8096    0.8586    0.0198    0.0881        94    0.0143
 1    7        11.9079       118    1.3553    0.9952    0.8877    0.0188    0.0908       119    0.0131
 1    8        13.9369       118    1.2165    0.9597    0.9111    0.0202    0.1220       110    0.0158
 1    9        15.8035       118    1.2602    0.8904    0.9307    0.0178    0.1053       108    0.0173
 1   10        17.9516       118    1.2524    0.9298    0.9509    0.0207    0.1164       117    0.0168
 1   11        19.7612       118    0.8971    0.9494    0.9656    0.0226    0.1286        90    0.0222
 1   12        21.8553       118    0.8907    0.7930    0.9797    0.0163    0.1387       129    0.0155
 1   13        23.8492       118    1.4209    1.0928    0.9899    0.0150    0.1161       135    0.0148
 1   14        25.8530       118    1.4094    1.0309    0.9968    0.0211    0.1550       108    0.0185
 1   15        27.7955       118    1.8288    1.5716    0.9998    0.0204    0.1368       118    0.0169
